
> spoonie@0.1.0 build
> next build

  ▲ Next.js 14.2.30
  - Environments: .env.local

   Creating an optimized production build ...
 ✓ (pwa) Compiling for server...
 ✓ (pwa) Compiling for server...
 ✓ (pwa) Compiling for client (static)...
 ○ (pwa) Service worker: /Users/ojihun/DEV/spoonie/public/sw.js
 ○ (pwa)   URL: /sw.js
 ○ (pwa)   Scope: /
 ○ (pwa) This app will fallback to these precached routes when fetching from the cache and the network fails:
 ○ (pwa)   Documents (pages): /offline
 ✓ Compiled successfully
   Linting and checking validity of types ...

./src/app/api/delete-user/route.ts
40:191  Warning: Unexpected any. Specify a different type.  @typescript-eslint/no-explicit-any
71:169  Warning: Unexpected any. Specify a different type.  @typescript-eslint/no-explicit-any
102:18  Warning: Unexpected any. Specify a different type.  @typescript-eslint/no-explicit-any

./src/app/api/logs/route.ts
52:17  Warning: Unexpected any. Specify a different type.  @typescript-eslint/no-explicit-any
62:24  Warning: Unexpected any. Specify a different type.  @typescript-eslint/no-explicit-any
91:29  Warning: Unexpected any. Specify a different type.  @typescript-eslint/no-explicit-any
106:42  Warning: Unexpected any. Specify a different type.  @typescript-eslint/no-explicit-any
138:20  Warning: Unexpected any. Specify a different type.  @typescript-eslint/no-explicit-any
365:60  Warning: Unexpected any. Specify a different type.  @typescript-eslint/no-explicit-any
400:72  Warning: Unexpected any. Specify a different type.  @typescript-eslint/no-explicit-any
407:45  Warning: Unexpected any. Specify a different type.  @typescript-eslint/no-explicit-any
407:60  Warning: Unexpected any. Specify a different type.  @typescript-eslint/no-explicit-any
407:76  Warning: Unexpected any. Specify a different type.  @typescript-eslint/no-explicit-any
407:86  Warning: Unexpected any. Specify a different type.  @typescript-eslint/no-explicit-any
408:42  Warning: Unexpected any. Specify a different type.  @typescript-eslint/no-explicit-any
408:55  Warning: Unexpected any. Specify a different type.  @typescript-eslint/no-explicit-any
458:66  Warning: Unexpected any. Specify a different type.  @typescript-eslint/no-explicit-any
465:55  Warning: Unexpected any. Specify a different type.  @typescript-eslint/no-explicit-any
465:68  Warning: Unexpected any. Specify a different type.  @typescript-eslint/no-explicit-any
465:84  Warning: Unexpected any. Specify a different type.  @typescript-eslint/no-explicit-any
465:94  Warning: Unexpected any. Specify a different type.  @typescript-eslint/no-explicit-any

./src/app/api/notifications/route.ts
183:62  Warning: Unexpected any. Specify a different type.  @typescript-eslint/no-explicit-any

./src/app/api/validate/route.ts
35:37  Warning: Unexpected any. Specify a different type.  @typescript-eslint/no-explicit-any
118:35  Warning: Unexpected any. Specify a different type.  @typescript-eslint/no-explicit-any
118:40  Warning: 'userId' is defined but never used.  @typescript-eslint/no-unused-vars
149:38  Warning: Unexpected any. Specify a different type.  @typescript-eslint/no-explicit-any

./src/app/bookmarks/page.tsx
40:68  Warning: Unexpected any. Specify a different type.  @typescript-eslint/no-explicit-any
58:43  Warning: Unexpected any. Specify a different type.  @typescript-eslint/no-explicit-any
76:36  Warning: Unexpected any. Specify a different type.  @typescript-eslint/no-explicit-any

./src/app/notifications/page.tsx
36:50  Warning: Unexpected any. Specify a different type.  @typescript-eslint/no-explicit-any
78:73  Warning: Unexpected any. Specify a different type.  @typescript-eslint/no-explicit-any
169:21  Warning: Unexpected any. Specify a different type.  @typescript-eslint/no-explicit-any
216:21  Warning: Unexpected any. Specify a different type.  @typescript-eslint/no-explicit-any

./src/app/posts/[id]/edit/page.tsx
48:49  Warning: Unexpected any. Specify a different type.  @typescript-eslint/no-explicit-any

./src/app/recipes/[id]/RecipePageClient.tsx
81:27  Warning: Unexpected any. Specify a different type.  @typescript-eslint/no-explicit-any
81:35  Warning: Unexpected any. Specify a different type.  @typescript-eslint/no-explicit-any
82:36  Warning: Unexpected any. Specify a different type.  @typescript-eslint/no-explicit-any

./src/app/recipes/[id]/edit/page.tsx
52:50  Warning: Unexpected any. Specify a different type.  @typescript-eslint/no-explicit-any

./src/app/recipes/page.tsx
187:45  Warning: Unexpected any. Specify a different type.  @typescript-eslint/no-explicit-any
372:17  Warning: Unexpected any. Specify a different type.  @typescript-eslint/no-explicit-any
372:25  Warning: Unexpected any. Specify a different type.  @typescript-eslint/no-explicit-any
384:35  Warning: Unexpected any. Specify a different type.  @typescript-eslint/no-explicit-any
385:28  Warning: Unexpected any. Specify a different type.  @typescript-eslint/no-explicit-any
396:40  Warning: Unexpected any. Specify a different type.  @typescript-eslint/no-explicit-any
415:17  Warning: Unexpected any. Specify a different type.  @typescript-eslint/no-explicit-any
429:35  Warning: Unexpected any. Specify a different type.  @typescript-eslint/no-explicit-any
430:30  Warning: Unexpected any. Specify a different type.  @typescript-eslint/no-explicit-any
440:42  Warning: Unexpected any. Specify a different type.  @typescript-eslint/no-explicit-any

./src/components/ads/TossStyleAdBanner.tsx
25:18  Warning: Unexpected any. Specify a different type.  @typescript-eslint/no-explicit-any

./src/components/ai-search-optimization/ReviewSchema.tsx
133:41  Warning: Unexpected any. Specify a different type.  @typescript-eslint/no-explicit-any

./src/components/analytics/GoogleAnalytics.tsx
21:21  Warning: Unexpected any. Specify a different type.  @typescript-eslint/no-explicit-any
22:16  Warning: Unexpected any. Specify a different type.  @typescript-eslint/no-explicit-any
137:30  Warning: Unexpected any. Specify a different type.  @typescript-eslint/no-explicit-any
154:18  Warning: Unexpected any. Specify a different type.  @typescript-eslint/no-explicit-any

./src/components/common/ItemDetailView.tsx
78:5  Warning: React Hook useMemo has a missing dependency: 'item'. Either include it or remove the dependency array.  react-hooks/exhaustive-deps
310:17  Warning: Unexpected any. Specify a different type.  @typescript-eslint/no-explicit-any
322:35  Warning: Unexpected any. Specify a different type.  @typescript-eslint/no-explicit-any
323:30  Warning: Unexpected any. Specify a different type.  @typescript-eslint/no-explicit-any
333:42  Warning: Unexpected any. Specify a different type.  @typescript-eslint/no-explicit-any

./src/components/common/TossStyleBreadcrumb.tsx
154:33  Warning: 'recipeId' is defined but never used.  @typescript-eslint/no-unused-vars
160:29  Warning: 'postId' is defined but never used.  @typescript-eslint/no-unused-vars

./src/components/error/ErrorBoundary.tsx
17:39  Warning: Unexpected any. Specify a different type.  @typescript-eslint/no-explicit-any
37:46  Warning: Unexpected any. Specify a different type.  @typescript-eslint/no-explicit-any
375:81  Warning: Unexpected any. Specify a different type.  @typescript-eslint/no-explicit-any
383:30  Warning: Unexpected any. Specify a different type.  @typescript-eslint/no-explicit-any
384:16  Warning: Unexpected any. Specify a different type.  @typescript-eslint/no-explicit-any
385:14  Warning: Unexpected any. Specify a different type.  @typescript-eslint/no-explicit-any

./src/components/items/PostForm.tsx
84:5  Warning: React Hook useCallback has a missing dependency: 'supabase.auth'. Either include it or remove the dependency array.  react-hooks/exhaustive-deps
127:49  Warning: Unexpected any. Specify a different type.  @typescript-eslint/no-explicit-any

./src/components/items/SeamlessItemList.tsx
84:47  Warning: 'priority' is assigned a value but never used.  @typescript-eslint/no-unused-vars
133:6  Warning: React Hook useCallback has a missing dependency: 'debouncedStatsSync'. Either include it or remove the dependency array.  react-hooks/exhaustive-deps
156:9  Warning: 'handleOptimisticLike' is assigned a value but never used.  @typescript-eslint/no-unused-vars
166:9  Warning: 'handleOptimisticComment' is assigned a value but never used.  @typescript-eslint/no-unused-vars
166:79  Warning: Unexpected any. Specify a different type.  @typescript-eslint/no-explicit-any
176:9  Warning: 'handleOptimisticFollow' is assigned a value but never used.  @typescript-eslint/no-unused-vars
186:9  Warning: 'handleOptimisticItemAction' is assigned a value but never used.  @typescript-eslint/no-unused-vars
186:89  Warning: Unexpected any. Specify a different type.  @typescript-eslint/no-explicit-any

./src/components/items/SimplifiedLikeButton.tsx
40:3  Warning: 'onLikeChange' is defined but never used.  @typescript-eslint/no-unused-vars

./src/components/layout/Header.tsx
34:21  Warning: 'setIsShaking' is assigned a value but never used.  @typescript-eslint/no-unused-vars

./src/components/layout/ServiceWorkerUpdater.tsx
7:9  Warning: 'isUpdateAvailable' is assigned a value but never used.  @typescript-eslint/no-unused-vars
42:8  Warning: 'handleUpdate' is assigned a value but never used.  @typescript-eslint/no-unused-vars

./src/components/profile/FollowersModal.tsx
41:5  Warning: React Hook useEffect has a missing dependency: 'fetchFollowers'. Either include it or remove the dependency array.  react-hooks/exhaustive-deps

./src/components/profile/FollowingModal.tsx
41:5  Warning: React Hook useEffect has a missing dependency: 'fetchFollowing'. Either include it or remove the dependency array.  react-hooks/exhaustive-deps

./src/components/recipe/CitedRecipeSearch.tsx
99:35  Warning: Unexpected any. Specify a different type.  @typescript-eslint/no-explicit-any
100:37  Warning: Unexpected any. Specify a different type.  @typescript-eslint/no-explicit-any
101:41  Warning: Unexpected any. Specify a different type.  @typescript-eslint/no-explicit-any

./src/components/recipe/MultiRecipeCitationModal.tsx
65:31  Warning: Unexpected any. Specify a different type.  @typescript-eslint/no-explicit-any
72:26  Warning: React Hook useCallback received a function whose dependencies are unknown. Pass an inline function instead.  react-hooks/exhaustive-deps

./src/components/recipe/RecipeCitationModal.tsx
53:35  Warning: Unexpected any. Specify a different type.  @typescript-eslint/no-explicit-any
60:27  Warning: React Hook useCallback received a function whose dependencies are unknown. Pass an inline function instead.  react-hooks/exhaustive-deps

./src/components/recipe/RecipeForm.tsx
283:6  Warning: 'progress' is defined but never used.  @typescript-eslint/no-unused-vars

./src/components/recipe/TossStyleRecipeCard.tsx
34:3  Warning: 'showAuthor' is assigned a value but never used.  @typescript-eslint/no-unused-vars

./src/components/ui/toss-social-buttons.tsx
13:20  Warning: 'useEffect' is defined but never used.  @typescript-eslint/no-unused-vars
108:14  Warning: 'error' is defined but never used.  @typescript-eslint/no-unused-vars
305:14  Warning: 'error' is defined but never used.  @typescript-eslint/no-unused-vars

./src/hooks/use-toast.ts
16:7  Warning: 'actionTypes' is assigned a value but only used as a type.  @typescript-eslint/no-unused-vars

./src/hooks/useCitedRecipes.ts
5:21  Warning: 'ItemType' is defined but never used.  @typescript-eslint/no-unused-vars

./src/hooks/useHistorySync.ts
27:9  Warning: 'router' is assigned a value but never used.  @typescript-eslint/no-unused-vars
29:9  Warning: 'isNavigatingRef' is assigned a value but never used.  @typescript-eslint/no-unused-vars
31:45  Warning: 'event' is defined but never used.  @typescript-eslint/no-unused-vars
98:11  Warning: 'handleRouteChange' is assigned a value but never used.  @typescript-eslint/no-unused-vars

./src/hooks/useLike.ts
166:29  Warning: Unexpected any. Specify a different type.  @typescript-eslint/no-explicit-any
180:12  Warning: Unexpected any. Specify a different type.  @typescript-eslint/no-explicit-any
194:12  Warning: Unexpected any. Specify a different type.  @typescript-eslint/no-explicit-any
208:12  Warning: Unexpected any. Specify a different type.  @typescript-eslint/no-explicit-any
222:12  Warning: Unexpected any. Specify a different type.  @typescript-eslint/no-explicit-any

./src/hooks/useNavigation.ts
21:9  Warning: Unexpected any. Specify a different type.  @typescript-eslint/no-explicit-any
110:6  Warning: React Hook useCallback has missing dependencies: 'preloadHomeData', 'preloadPostData', 'preloadProfileData', and 'preloadRecipeData'. Either include them or remove the dependency array.  react-hooks/exhaustive-deps
201:42  Warning: Unexpected any. Specify a different type.  @typescript-eslint/no-explicit-any
201:80  Warning: Unexpected any. Specify a different type.  @typescript-eslint/no-explicit-any
210:42  Warning: Unexpected any. Specify a different type.  @typescript-eslint/no-explicit-any
210:80  Warning: Unexpected any. Specify a different type.  @typescript-eslint/no-explicit-any
301:43  Warning: 'currentItemId' is defined but never used.  @typescript-eslint/no-unused-vars
381:46  Warning: The ref value 'hoverTimeoutsRef.current' will likely have changed by the time this effect cleanup function runs. If this ref points to a node rendered by React, copy 'hoverTimeoutsRef.current' to a variable inside the effect, and use that variable in the cleanup function.  react-hooks/exhaustive-deps
382:50  Warning: The ref value 'preloadedRoutesRef.current' will likely have changed by the time this effect cleanup function runs. If this ref points to a node rendered by React, copy 'preloadedRoutesRef.current' to a variable inside the effect, and use that variable in the cleanup function.  react-hooks/exhaustive-deps

./src/hooks/useOptimizedItem.ts
26:10  Warning: Unexpected any. Specify a different type.  @typescript-eslint/no-explicit-any
43:5  Warning: 'watchFields' is assigned a value but never used.  @typescript-eslint/no-unused-vars
144:9  Warning: 'supabase' is assigned a value but never used.  @typescript-eslint/no-unused-vars
177:13  Warning: Unexpected any. Specify a different type.  @typescript-eslint/no-explicit-any

./src/hooks/useRealtimeSync.ts
20:9  Warning: Unexpected any. Specify a different type.  @typescript-eslint/no-explicit-any
21:9  Warning: Unexpected any. Specify a different type.  @typescript-eslint/no-explicit-any
29:9  Warning: Unexpected any. Specify a different type.  @typescript-eslint/no-explicit-any
74:6  Warning: React Hook useCallback has missing dependencies: 'handleOptimisticComment', 'handleOptimisticFollow', 'handleOptimisticItem', and 'handleOptimisticLike'. Either include them or remove the dependency array.  react-hooks/exhaustive-deps
80:33  Warning: 'data' is assigned a value but never used.  @typescript-eslint/no-unused-vars
147:51  Warning: Unexpected any. Specify a different type.  @typescript-eslint/no-explicit-any
259:6  Warning: React Hook useCallback has missing dependencies: 'handleCommentChange', 'handleFollowChange', 'handleItemChange', and 'handleLikeChange'. Either include them or remove the dependency array.  react-hooks/exhaustive-deps
336:13  Warning: 'eventType' is assigned a value but never used.  @typescript-eslint/no-unused-vars
374:13  Warning: 'eventType' is assigned a value but never used.  @typescript-eslint/no-unused-vars
416:13  Warning: 'eventType' is assigned a value but never used.  @typescript-eslint/no-unused-vars
416:29  Warning: 'newData' is assigned a value but never used.  @typescript-eslint/no-unused-vars
416:43  Warning: 'oldData' is assigned a value but never used.  @typescript-eslint/no-unused-vars
507:6  Warning: React Hook useCallback has a missing dependency: 'supabase'. Either include it or remove the dependency array.  react-hooks/exhaustive-deps

./src/hooks/useThumbnail.ts
15:10  Warning: 'mutate' is defined but never used.  @typescript-eslint/no-unused-vars

./src/lib/concurrency-control.ts
50:48  Warning: Unexpected any. Specify a different type.  @typescript-eslint/no-explicit-any
211:17  Warning: 'id' is assigned a value but never used.  @typescript-eslint/no-unused-vars
240:52  Warning: Unexpected any. Specify a different type.  @typescript-eslint/no-explicit-any
241:49  Warning: Unexpected any. Specify a different type.  @typescript-eslint/no-explicit-any
246:43  Warning: Unexpected any. Specify a different type.  @typescript-eslint/no-explicit-any
271:29  Warning: Unexpected any. Specify a different type.  @typescript-eslint/no-explicit-any
368:45  Warning: Unexpected any. Specify a different type.  @typescript-eslint/no-explicit-any
369:12  Warning: Unexpected any. Specify a different type.  @typescript-eslint/no-explicit-any

./src/lib/data-manager.ts
17:7  Warning: 'optimisticCommentUpdate' is assigned a value but never used.  @typescript-eslint/no-unused-vars
17:37  Warning: 'args' is defined but never used.  @typescript-eslint/no-unused-vars
17:43  Warning: Unexpected any. Specify a different type.  @typescript-eslint/no-explicit-any
18:33  Warning: 'args' is defined but never used.  @typescript-eslint/no-unused-vars
18:39  Warning: Unexpected any. Specify a different type.  @typescript-eslint/no-explicit-any
179:13  Warning: 'delta' is assigned a value but never used.  @typescript-eslint/no-unused-vars
187:17  Warning: 'error' is assigned a value but never used.  @typescript-eslint/no-unused-vars
191:17  Warning: 'error' is assigned a value but never used.  @typescript-eslint/no-unused-vars
227:44  Warning: Unexpected any. Specify a different type.  @typescript-eslint/no-explicit-any
580:31  Warning: Unexpected any. Specify a different type.  @typescript-eslint/no-explicit-any

./src/lib/error-handling.ts
29:28  Warning: Unexpected any. Specify a different type.  @typescript-eslint/no-explicit-any
38:38  Warning: Unexpected any. Specify a different type.  @typescript-eslint/no-explicit-any
192:21  Warning: Unexpected any. Specify a different type.  @typescript-eslint/no-explicit-any
238:10  Warning: Unexpected any. Specify a different type.  @typescript-eslint/no-explicit-any
317:17  Warning: Unexpected any. Specify a different type.  @typescript-eslint/no-explicit-any
322:21  Warning: Unexpected any. Specify a different type.  @typescript-eslint/no-explicit-any
328:23  Warning: Unexpected any. Specify a different type.  @typescript-eslint/no-explicit-any
333:20  Warning: Unexpected any. Specify a different type.  @typescript-eslint/no-explicit-any
338:17  Warning: Unexpected any. Specify a different type.  @typescript-eslint/no-explicit-any
350:38  Warning: Unexpected any. Specify a different type.  @typescript-eslint/no-explicit-any
368:26  Warning: Unexpected any. Specify a different type.  @typescript-eslint/no-explicit-any
387:22  Warning: Unexpected any. Specify a different type.  @typescript-eslint/no-explicit-any

./src/lib/monitoring.ts
29:28  Warning: Unexpected any. Specify a different type.  @typescript-eslint/no-explicit-any
44:27  Warning: Unexpected any. Specify a different type.  @typescript-eslint/no-explicit-any
75:30  Warning: Unexpected any. Specify a different type.  @typescript-eslint/no-explicit-any
89:66  Warning: Unexpected any. Specify a different type.  @typescript-eslint/no-explicit-any
97:25  Warning: Unexpected any. Specify a different type.  @typescript-eslint/no-explicit-any
107:50  Warning: Unexpected any. Specify a different type.  @typescript-eslint/no-explicit-any
112:50  Warning: Unexpected any. Specify a different type.  @typescript-eslint/no-explicit-any
117:51  Warning: Unexpected any. Specify a different type.  @typescript-eslint/no-explicit-any
153:41  Warning: Unexpected any. Specify a different type.  @typescript-eslint/no-explicit-any
157:41  Warning: Unexpected any. Specify a different type.  @typescript-eslint/no-explicit-any
170:71  Warning: Unexpected any. Specify a different type.  @typescript-eslint/no-explicit-any
206:18  Warning: Unexpected any. Specify a different type.  @typescript-eslint/no-explicit-any
229:25  Warning: Unexpected any. Specify a different type.  @typescript-eslint/no-explicit-any
233:26  Warning: Unexpected any. Specify a different type.  @typescript-eslint/no-explicit-any
234:35  Warning: Unexpected any. Specify a different type.  @typescript-eslint/no-explicit-any
409:33  Warning: Unexpected any. Specify a different type.  @typescript-eslint/no-explicit-any
435:27  Warning: Unexpected any. Specify a different type.  @typescript-eslint/no-explicit-any
438:68  Warning: Unexpected any. Specify a different type.  @typescript-eslint/no-explicit-any
511:15  Warning: Unexpected any. Specify a different type.  @typescript-eslint/no-explicit-any
514:59  Warning: Unexpected any. Specify a different type.  @typescript-eslint/no-explicit-any

./src/lib/notification-service.ts
49:60  Warning: '_commentId' is defined but never used.  @typescript-eslint/no-unused-vars
83:83  Warning: '_replyId' is defined but never used.  @typescript-eslint/no-unused-vars

./src/lib/secure-schemas.ts
7:60  Warning: 'safeParseInt' is defined but never used.  @typescript-eslint/no-unused-vars

./src/lib/server-data.ts
27:9  Warning: 'startTime' is assigned a value but never used.  @typescript-eslint/no-unused-vars
125:11  Warning: 'endTime' is assigned a value but never used.  @typescript-eslint/no-unused-vars

./src/lib/supabase.ts
9:22  Warning: A `require()` style import is forbidden.  @typescript-eslint/no-require-imports

./src/lib/unified-cache-manager.ts
44:21  Warning: Unexpected any. Specify a different type.  @typescript-eslint/no-explicit-any
287:13  Warning: 'type' is assigned a value but never used.  @typescript-eslint/no-unused-vars
287:19  Warning: 'itemId' is assigned a value but never used.  @typescript-eslint/no-unused-vars
287:35  Warning: 'delta' is assigned a value but never used.  @typescript-eslint/no-unused-vars
296:14  Warning: 'err' is defined but never used.  @typescript-eslint/no-unused-vars
305:14  Warning: 'err' is defined but never used.  @typescript-eslint/no-unused-vars
314:14  Warning: 'err' is defined but never used.  @typescript-eslint/no-unused-vars
327:14  Warning: 'err' is defined but never used.  @typescript-eslint/no-unused-vars
336:14  Warning: 'err' is defined but never used.  @typescript-eslint/no-unused-vars
367:16  Warning: 'key' is defined but never used.  @typescript-eslint/no-unused-vars
403:54  Warning: 'index' is defined but never used.  @typescript-eslint/no-unused-vars
438:13  Warning: 'totalItems' is assigned a value but never used.  @typescript-eslint/no-unused-vars
442:55  Warning: 'pageIndex' is defined but never used.  @typescript-eslint/no-unused-vars
451:34  Warning: 'itemIndex' is defined but never used.  @typescript-eslint/no-unused-vars
508:11  Warning: 'updatedItem' is assigned a value but never used.  @typescript-eslint/no-unused-vars
527:20  Warning: 'error' is defined but never used.  @typescript-eslint/no-unused-vars
540:33  Warning: Unexpected any. Specify a different type.  @typescript-eslint/no-explicit-any
540:58  Warning: Unexpected any. Specify a different type.  @typescript-eslint/no-explicit-any
590:35  Warning: 'operation' is defined but never used.  @typescript-eslint/no-unused-vars
671:16  Warning: 'key' is defined but never used.  @typescript-eslint/no-unused-vars
749:65  Warning: Unexpected any. Specify a different type.  @typescript-eslint/no-explicit-any
777:57  Warning: Unexpected any. Specify a different type.  @typescript-eslint/no-explicit-any
781:27  Warning: Unexpected any. Specify a different type.  @typescript-eslint/no-explicit-any
781:79  Warning: Unexpected any. Specify a different type.  @typescript-eslint/no-explicit-any
782:27  Warning: Unexpected any. Specify a different type.  @typescript-eslint/no-explicit-any
913:71  Warning: Unexpected any. Specify a different type.  @typescript-eslint/no-explicit-any
926:80  Warning: Unexpected any. Specify a different type.  @typescript-eslint/no-explicit-any
939:73  Warning: Unexpected any. Specify a different type.  @typescript-eslint/no-explicit-any

./src/utils/acid-operations.ts
127:13  Warning: 'action' is assigned a value but never used.  @typescript-eslint/no-unused-vars
257:3  Warning: 'networkCalls' is defined but never used.  @typescript-eslint/no-unused-vars
259:9  Warning: 'duration' is assigned a value but never used.  @typescript-eslint/no-unused-vars
267:40  Warning: 'operation' is defined but never used.  @typescript-eslint/no-unused-vars

./src/utils/concurrency-safety.ts
89:19  Warning: Unexpected any. Specify a different type.  @typescript-eslint/no-explicit-any
94:33  Warning: Unexpected any. Specify a different type.  @typescript-eslint/no-explicit-any
181:21  Warning: Unexpected any. Specify a different type.  @typescript-eslint/no-explicit-any
187:42  Warning: Unexpected any. Specify a different type.  @typescript-eslint/no-explicit-any
199:25  Warning: Unexpected any. Specify a different type.  @typescript-eslint/no-explicit-any
242:46  Warning: Unexpected any. Specify a different type.  @typescript-eslint/no-explicit-any

./src/utils/edge-functions.ts
48:29  Warning: Unexpected any. Specify a different type.  @typescript-eslint/no-explicit-any
88:11  Warning: 'duration' is assigned a value but never used.  @typescript-eslint/no-unused-vars
122:11  Warning: 'duration' is assigned a value but never used.  @typescript-eslint/no-unused-vars

./src/utils/free-tier-optimization.ts
93:9  Warning: 'currentMinute' is assigned a value but never used.  @typescript-eslint/no-unused-vars
181:49  Warning: Unexpected any. Specify a different type.  @typescript-eslint/no-explicit-any
189:61  Warning: Unexpected any. Specify a different type.  @typescript-eslint/no-explicit-any
207:39  Warning: Unexpected any. Specify a different type.  @typescript-eslint/no-explicit-any
211:33  Warning: Unexpected any. Specify a different type.  @typescript-eslint/no-explicit-any
216:41  Warning: Unexpected any. Specify a different type.  @typescript-eslint/no-explicit-any
220:35  Warning: Unexpected any. Specify a different type.  @typescript-eslint/no-explicit-any
230:36  Warning: Unexpected any. Specify a different type.  @typescript-eslint/no-explicit-any

./src/utils/home-feed-update.ts
76:26  Warning: Unexpected any. Specify a different type.  @typescript-eslint/no-explicit-any
172:26  Warning: Unexpected any. Specify a different type.  @typescript-eslint/no-explicit-any

./src/utils/image-optimization.ts
176:8  Warning: 'successCount' is assigned a value but never used.  @typescript-eslint/no-unused-vars
177:8  Warning: 'cacheHits' is assigned a value but never used.  @typescript-eslint/no-unused-vars

info  - Need to disable some ESLint rules? Learn more here: https://nextjs.org/docs/basic-features/eslint#disabling-rules
   Collecting page data ...
   Generating static pages (0/24) ...
   Generating static pages (6/24) 
   Generating static pages (12/24) 
   Generating static pages (18/24) 
 ✓ Generating static pages (24/24)
   Finalizing page optimization ...
   Collecting build traces ...

Route (app)                              Size     First Load JS
┌ ƒ /                                    3.84 kB         240 kB
├ ○ /_not-found                          880 B          90.5 kB
├ ○ /api/ai-search-audit                 0 B                0 B
├ ƒ /api/delete-user                     0 B                0 B
├ ƒ /api/logs                            0 B                0 B
├ ƒ /api/notifications                   0 B                0 B
├ ƒ /api/validate                        0 B                0 B
├ ƒ /auth/callback                       0 B                0 B
├ ƒ /auth/logout                         0 B                0 B
├ ○ /bookmarks                           2.24 kB         235 kB
├ ○ /forgot-password                     4.61 kB         191 kB
├ ○ /login                               5.39 kB         192 kB
├ ○ /notifications                       6.19 kB         153 kB
├ ○ /offline                             2.82 kB         115 kB
├ ƒ /posts                               1.86 kB         238 kB
├ ƒ /posts/[id]                          1.15 kB         293 kB
├ ƒ /posts/[id]/edit                     2.65 kB         223 kB
├ ○ /posts/new                           1.72 kB         228 kB
├ ƒ /profile/[id]                        7.71 kB         241 kB
├ ƒ /profile/[id]/edit                   12.1 kB         183 kB
├ ○ /recipes                             14.2 kB         231 kB
├ ƒ /recipes/[id]                        1.14 kB         293 kB
├ ƒ /recipes/[id]/edit                   2.71 kB         226 kB
├ ○ /recipes/new                         1.72 kB         232 kB
├ ○ /reset-password                      4.77 kB         191 kB
├ ○ /search                              11.5 kB         178 kB
├ ○ /signup                              5.99 kB         192 kB
└ ƒ /sitemap.xml                         0 B                0 B
+ First Load JS shared by all            89.6 kB
  ├ chunks/6997-6e278807d15ac581.js      34 kB
  ├ chunks/fd9d1056-2c4bcaf299c9683a.js  53.6 kB
  └ other shared chunks (total)          1.97 kB


○  (Static)   prerendered as static content
ƒ  (Dynamic)  server-rendered on demand

